{"C:\\Users\\ibeanun\\Documents\\nodejs\\blogging-_api\\app.js": {"path":"C:\\Users\\ibeanun\\Documents\\nodejs\\blogging-_api\\app.js","statementMap":{"0":{"start":{"line":1,"column":0},"end":{"line":1,"column":26}},"1":{"start":{"line":2,"column":16},"end":{"line":2,"column":34}},"2":{"start":{"line":3,"column":22},"end":{"line":3,"column":37}},"3":{"start":{"line":4,"column":19},"end":{"line":4,"column":43}},"4":{"start":{"line":5,"column":17},"end":{"line":5,"column":36}},"5":{"start":{"line":6,"column":19},"end":{"line":6,"column":41}},"6":{"start":{"line":7,"column":21},"end":{"line":7,"column":49}},"7":{"start":{"line":9,"column":12},"end":{"line":9,"column":21}},"8":{"start":{"line":10,"column":13},"end":{"line":10,"column":37}},"9":{"start":{"line":13,"column":0},"end":{"line":13,"column":32}},"10":{"start":{"line":16,"column":0},"end":{"line":16,"column":13}},"11":{"start":{"line":18,"column":0},"end":{"line":18,"column":23}},"12":{"start":{"line":19,"column":0},"end":{"line":19,"column":52}},"13":{"start":{"line":21,"column":0},"end":{"line":21,"column":25}},"14":{"start":{"line":22,"column":0},"end":{"line":22,"column":97}},"15":{"start":{"line":23,"column":0},"end":{"line":23,"column":95}},"16":{"start":{"line":24,"column":0},"end":{"line":24,"column":99}},"17":{"start":{"line":25,"column":0},"end":{"line":25,"column":102}},"18":{"start":{"line":26,"column":0},"end":{"line":26,"column":100}},"19":{"start":{"line":27,"column":0},"end":{"line":27,"column":106}},"20":{"start":{"line":28,"column":0},"end":{"line":28,"column":110}},"21":{"start":{"line":29,"column":0},"end":{"line":29,"column":104}},"22":{"start":{"line":30,"column":0},"end":{"line":30,"column":34}},"23":{"start":{"line":31,"column":0},"end":{"line":31,"column":54}},"24":{"start":{"line":38,"column":0},"end":{"line":38,"column":21}}},"fnMap":{},"branchMap":{"0":{"loc":{"start":{"line":10,"column":13},"end":{"line":10,"column":37}},"type":"binary-expr","locations":[{"start":{"line":10,"column":13},"end":{"line":10,"column":29}},{"start":{"line":10,"column":33},"end":{"line":10,"column":37}}],"line":10}},"s":{"0":2,"1":2,"2":2,"3":2,"4":2,"5":2,"6":2,"7":2,"8":2,"9":2,"10":2,"11":2,"12":2,"13":2,"14":2,"15":2,"16":2,"17":2,"18":2,"19":2,"20":2,"21":2,"22":2,"23":2,"24":2},"f":{},"b":{"0":[2,0]},"_coverageSchema":"1a1c01bbd47fc00a2c39e90264f33305004495a9","hash":"163d094a5ad4078638c00ad31b366d08643afba4"}
,"C:\\Users\\ibeanun\\Documents\\nodejs\\blogging-_api\\db.js": {"path":"C:\\Users\\ibeanun\\Documents\\nodejs\\blogging-_api\\db.js","statementMap":{"0":{"start":{"line":1,"column":17},"end":{"line":1,"column":36}},"1":{"start":{"line":2,"column":0},"end":{"line":2,"column":26}},"2":{"start":{"line":6,"column":4},"end":{"line":6,"column":40}},"3":{"start":{"line":7,"column":4},"end":{"line":9,"column":6}},"4":{"start":{"line":8,"column":4},"end":{"line":8,"column":45}},"5":{"start":{"line":10,"column":4},"end":{"line":11,"column":6}},"6":{"start":{"line":14,"column":0},"end":{"line":14,"column":30}}},"fnMap":{"0":{"name":"connectToDb","decl":{"start":{"line":5,"column":9},"end":{"line":5,"column":20}},"loc":{"start":{"line":5,"column":22},"end":{"line":12,"column":1}},"line":5},"1":{"name":"(anonymous_1)","decl":{"start":{"line":7,"column":40},"end":{"line":7,"column":41}},"loc":{"start":{"line":7,"column":50},"end":{"line":9,"column":5}},"line":7},"2":{"name":"(anonymous_2)","decl":{"start":{"line":10,"column":36},"end":{"line":10,"column":37}},"loc":{"start":{"line":10,"column":49},"end":{"line":11,"column":5}},"line":10}},"branchMap":{},"s":{"0":2,"1":2,"2":4,"3":4,"4":4,"5":4,"6":2},"f":{"0":4,"1":4,"2":0},"b":{},"_coverageSchema":"1a1c01bbd47fc00a2c39e90264f33305004495a9","hash":"67afa4547dfc1b14855459a350108550bec6cda6"}
,"C:\\Users\\ibeanun\\Documents\\nodejs\\blogging-_api\\authentication\\auth.js": {"path":"C:\\Users\\ibeanun\\Documents\\nodejs\\blogging-_api\\authentication\\auth.js","statementMap":{"0":{"start":{"line":1,"column":17},"end":{"line":1,"column":36}},"1":{"start":{"line":2,"column":22},"end":{"line":2,"column":56}},"2":{"start":{"line":3,"column":18},"end":{"line":3,"column":44}},"3":{"start":{"line":5,"column":20},"end":{"line":5,"column":52}},"4":{"start":{"line":6,"column":19},"end":{"line":6,"column":53}},"5":{"start":{"line":8,"column":0},"end":{"line":23,"column":2}},"6":{"start":{"line":16,"column":12},"end":{"line":20,"column":13}},"7":{"start":{"line":17,"column":16},"end":{"line":17,"column":46}},"8":{"start":{"line":19,"column":16},"end":{"line":19,"column":28}},"9":{"start":{"line":28,"column":0},"end":{"line":46,"column":2}},"10":{"start":{"line":37,"column":30},"end":{"line":37,"column":48}},"11":{"start":{"line":38,"column":29},"end":{"line":38,"column":46}},"12":{"start":{"line":39,"column":12},"end":{"line":44,"column":9}},"13":{"start":{"line":40,"column":29},"end":{"line":40,"column":93}},"14":{"start":{"line":41,"column":16},"end":{"line":41,"column":40}},"15":{"start":{"line":43,"column":16},"end":{"line":43,"column":28}},"16":{"start":{"line":51,"column":0},"end":{"line":77,"column":2}},"17":{"start":{"line":59,"column":12},"end":{"line":74,"column":13}},"18":{"start":{"line":60,"column":29},"end":{"line":60,"column":63}},"19":{"start":{"line":62,"column":16},"end":{"line":64,"column":17}},"20":{"start":{"line":63,"column":20},"end":{"line":63,"column":76}},"21":{"start":{"line":66,"column":33},"end":{"line":66,"column":69}},"22":{"start":{"line":68,"column":16},"end":{"line":70,"column":17}},"23":{"start":{"line":69,"column":20},"end":{"line":69,"column":76}},"24":{"start":{"line":71,"column":16},"end":{"line":71,"column":79}},"25":{"start":{"line":73,"column":16},"end":{"line":73,"column":35}}},"fnMap":{"0":{"name":"(anonymous_0)","decl":{"start":{"line":15,"column":8},"end":{"line":15,"column":9}},"loc":{"start":{"line":15,"column":31},"end":{"line":21,"column":9}},"line":15},"1":{"name":"(anonymous_1)","decl":{"start":{"line":36,"column":8},"end":{"line":36,"column":9}},"loc":{"start":{"line":36,"column":46},"end":{"line":44,"column":10}},"line":36},"2":{"name":"(anonymous_2)","decl":{"start":{"line":58,"column":8},"end":{"line":58,"column":9}},"loc":{"start":{"line":58,"column":41},"end":{"line":75,"column":9}},"line":58}},"branchMap":{"0":{"loc":{"start":{"line":62,"column":16},"end":{"line":64,"column":17}},"type":"if","locations":[{"start":{"line":62,"column":16},"end":{"line":64,"column":17}},{"start":{},"end":{}}],"line":62},"1":{"loc":{"start":{"line":68,"column":16},"end":{"line":70,"column":17}},"type":"if","locations":[{"start":{"line":68,"column":16},"end":{"line":70,"column":17}},{"start":{},"end":{}}],"line":68}},"s":{"0":2,"1":2,"2":2,"3":2,"4":2,"5":2,"6":0,"7":0,"8":0,"9":2,"10":1,"11":1,"12":1,"13":1,"14":1,"15":0,"16":2,"17":7,"18":7,"19":7,"20":0,"21":7,"22":7,"23":0,"24":7,"25":0},"f":{"0":0,"1":1,"2":7},"b":{"0":[0,7],"1":[0,7]},"_coverageSchema":"1a1c01bbd47fc00a2c39e90264f33305004495a9","hash":"5e4f08bc4ea9972bf6395b325b59b576d833369e"}
,"C:\\Users\\ibeanun\\Documents\\nodejs\\blogging-_api\\models\\articles.js": {"path":"C:\\Users\\ibeanun\\Documents\\nodejs\\blogging-_api\\models\\articles.js","statementMap":{"0":{"start":{"line":1,"column":17},"end":{"line":1,"column":36}},"1":{"start":{"line":4,"column":15},"end":{"line":4,"column":30}},"2":{"start":{"line":6,"column":21},"end":{"line":43,"column":2}},"3":{"start":{"line":45,"column":0},"end":{"line":45,"column":65}},"4":{"start":{"line":48,"column":0},"end":{"line":48,"column":57}}},"fnMap":{},"branchMap":{},"s":{"0":2,"1":2,"2":2,"3":2,"4":2},"f":{},"b":{},"_coverageSchema":"1a1c01bbd47fc00a2c39e90264f33305004495a9","hash":"6e0c2bea70f991373d60624f91a6aa15c110617a"}
,"C:\\Users\\ibeanun\\Documents\\nodejs\\blogging-_api\\models\\users.js": {"path":"C:\\Users\\ibeanun\\Documents\\nodejs\\blogging-_api\\models\\users.js","statementMap":{"0":{"start":{"line":1,"column":17},"end":{"line":1,"column":36}},"1":{"start":{"line":2,"column":15},"end":{"line":2,"column":32}},"2":{"start":{"line":4,"column":15},"end":{"line":4,"column":30}},"3":{"start":{"line":6,"column":19},"end":{"line":32,"column":2}},"4":{"start":{"line":35,"column":0},"end":{"line":45,"column":2}},"5":{"start":{"line":38,"column":21},"end":{"line":38,"column":25}},"6":{"start":{"line":40,"column":21},"end":{"line":40,"column":57}},"7":{"start":{"line":42,"column":8},"end":{"line":42,"column":29}},"8":{"start":{"line":43,"column":8},"end":{"line":43,"column":15}},"9":{"start":{"line":46,"column":0},"end":{"line":51,"column":3}},"10":{"start":{"line":47,"column":17},"end":{"line":47,"column":21}},"11":{"start":{"line":48,"column":20},"end":{"line":48,"column":65}},"12":{"start":{"line":50,"column":4},"end":{"line":50,"column":19}},"13":{"start":{"line":53,"column":20},"end":{"line":53,"column":55}},"14":{"start":{"line":55,"column":2},"end":{"line":55,"column":29}}},"fnMap":{"0":{"name":"(anonymous_0)","decl":{"start":{"line":37,"column":4},"end":{"line":37,"column":5}},"loc":{"start":{"line":37,"column":26},"end":{"line":44,"column":5}},"line":37},"1":{"name":"(anonymous_1)","decl":{"start":{"line":46,"column":37},"end":{"line":46,"column":38}},"loc":{"start":{"line":46,"column":62},"end":{"line":51,"column":3}},"line":46}},"branchMap":{},"s":{"0":2,"1":2,"2":2,"3":2,"4":2,"5":1,"6":1,"7":1,"8":1,"9":2,"10":7,"11":7,"12":7,"13":2,"14":2},"f":{"0":1,"1":7},"b":{},"_coverageSchema":"1a1c01bbd47fc00a2c39e90264f33305004495a9","hash":"b906fac360f45184d74e26ae87768a96e4114474"}
,"C:\\Users\\ibeanun\\Documents\\nodejs\\blogging-_api\\routes\\articles.js": {"path":"C:\\Users\\ibeanun\\Documents\\nodejs\\blogging-_api\\routes\\articles.js","statementMap":{"0":{"start":{"line":1,"column":16},"end":{"line":1,"column":34}},"1":{"start":{"line":2,"column":21},"end":{"line":2,"column":50}},"2":{"start":{"line":3,"column":18},"end":{"line":3,"column":44}},"3":{"start":{"line":4,"column":21},"end":{"line":4,"column":37}},"4":{"start":{"line":5,"column":19},"end":{"line":5,"column":41}},"5":{"start":{"line":7,"column":0},"end":{"line":20,"column":2}},"6":{"start":{"line":8,"column":4},"end":{"line":19,"column":6}},"7":{"start":{"line":11,"column":30},"end":{"line":13,"column":6}},"8":{"start":{"line":12,"column":8},"end":{"line":12,"column":44}},"9":{"start":{"line":15,"column":4},"end":{"line":15,"column":38}},"10":{"start":{"line":17,"column":8},"end":{"line":17,"column":24}},"11":{"start":{"line":18,"column":8},"end":{"line":18,"column":41}},"12":{"start":{"line":22,"column":0},"end":{"line":45,"column":2}},"13":{"start":{"line":23,"column":18},"end":{"line":23,"column":34}},"14":{"start":{"line":25,"column":4},"end":{"line":44,"column":44}},"15":{"start":{"line":27,"column":33},"end":{"line":27,"column":51}},"16":{"start":{"line":28,"column":29},"end":{"line":28,"column":49}},"17":{"start":{"line":29,"column":8},"end":{"line":29,"column":41}},"18":{"start":{"line":30,"column":8},"end":{"line":41,"column":10}},"19":{"start":{"line":33,"column":12},"end":{"line":38,"column":13}},"20":{"start":{"line":34,"column":16},"end":{"line":34,"column":45}},"21":{"start":{"line":37,"column":16},"end":{"line":37,"column":101}},"22":{"start":{"line":40,"column":12},"end":{"line":40,"column":55}},"23":{"start":{"line":44,"column":8},"end":{"line":44,"column":41}},"24":{"start":{"line":47,"column":0},"end":{"line":60,"column":2}},"25":{"start":{"line":48,"column":16},"end":{"line":48,"column":30}},"26":{"start":{"line":49,"column":4},"end":{"line":59,"column":6}},"27":{"start":{"line":51,"column":8},"end":{"line":56,"column":9}},"28":{"start":{"line":52,"column":12},"end":{"line":52,"column":36}},"29":{"start":{"line":55,"column":12},"end":{"line":55,"column":97}},"30":{"start":{"line":58,"column":8},"end":{"line":58,"column":41}},"31":{"start":{"line":62,"column":0},"end":{"line":72,"column":2}},"32":{"start":{"line":63,"column":4},"end":{"line":71,"column":6}},"33":{"start":{"line":65,"column":34},"end":{"line":67,"column":10}},"34":{"start":{"line":66,"column":12},"end":{"line":66,"column":48}},"35":{"start":{"line":68,"column":8},"end":{"line":68,"column":47}},"36":{"start":{"line":70,"column":8},"end":{"line":70,"column":41}},"37":{"start":{"line":74,"column":0},"end":{"line":84,"column":2}},"38":{"start":{"line":75,"column":4},"end":{"line":83,"column":6}},"39":{"start":{"line":77,"column":34},"end":{"line":79,"column":10}},"40":{"start":{"line":78,"column":12},"end":{"line":78,"column":48}},"41":{"start":{"line":80,"column":8},"end":{"line":80,"column":47}},"42":{"start":{"line":82,"column":8},"end":{"line":82,"column":41}},"43":{"start":{"line":86,"column":0},"end":{"line":96,"column":2}},"44":{"start":{"line":87,"column":4},"end":{"line":95,"column":6}},"45":{"start":{"line":89,"column":34},"end":{"line":91,"column":10}},"46":{"start":{"line":90,"column":12},"end":{"line":90,"column":48}},"47":{"start":{"line":92,"column":8},"end":{"line":92,"column":47}},"48":{"start":{"line":94,"column":8},"end":{"line":94,"column":41}},"49":{"start":{"line":98,"column":0},"end":{"line":111,"column":2}},"50":{"start":{"line":99,"column":18},"end":{"line":99,"column":34}},"51":{"start":{"line":100,"column":4},"end":{"line":110,"column":6}},"52":{"start":{"line":103,"column":21},"end":{"line":105,"column":2}},"53":{"start":{"line":104,"column":4},"end":{"line":104,"column":38}},"54":{"start":{"line":106,"column":4},"end":{"line":106,"column":45}},"55":{"start":{"line":108,"column":8},"end":{"line":108,"column":24}},"56":{"start":{"line":109,"column":8},"end":{"line":109,"column":41}},"57":{"start":{"line":113,"column":0},"end":{"line":130,"column":6}},"58":{"start":{"line":114,"column":18},"end":{"line":114,"column":34}},"59":{"start":{"line":115,"column":18},"end":{"line":115,"column":25}},"60":{"start":{"line":116,"column":8},"end":{"line":129,"column":10}},"61":{"start":{"line":119,"column":25},"end":{"line":121,"column":6}},"62":{"start":{"line":120,"column":8},"end":{"line":120,"column":42}},"63":{"start":{"line":122,"column":30},"end":{"line":124,"column":6}},"64":{"start":{"line":123,"column":8},"end":{"line":123,"column":39}},"65":{"start":{"line":125,"column":4},"end":{"line":125,"column":50}},"66":{"start":{"line":127,"column":12},"end":{"line":127,"column":28}},"67":{"start":{"line":128,"column":12},"end":{"line":128,"column":45}},"68":{"start":{"line":132,"column":0},"end":{"line":149,"column":2}},"69":{"start":{"line":133,"column":18},"end":{"line":133,"column":34}},"70":{"start":{"line":134,"column":22},"end":{"line":134,"column":33}},"71":{"start":{"line":135,"column":12},"end":{"line":148,"column":10}},"72":{"start":{"line":138,"column":29},"end":{"line":140,"column":10}},"73":{"start":{"line":139,"column":12},"end":{"line":139,"column":46}},"74":{"start":{"line":141,"column":38},"end":{"line":143,"column":10}},"75":{"start":{"line":142,"column":12},"end":{"line":142,"column":42}},"76":{"start":{"line":144,"column":8},"end":{"line":144,"column":58}},"77":{"start":{"line":146,"column":16},"end":{"line":146,"column":32}},"78":{"start":{"line":147,"column":16},"end":{"line":147,"column":49}},"79":{"start":{"line":154,"column":0},"end":{"line":175,"column":2}},"80":{"start":{"line":155,"column":24},"end":{"line":155,"column":32}},"81":{"start":{"line":156,"column":17},"end":{"line":156,"column":33}},"82":{"start":{"line":157,"column":4},"end":{"line":174,"column":6}},"83":{"start":{"line":159,"column":41},"end":{"line":159,"column":45}},"84":{"start":{"line":160,"column":45},"end":{"line":160,"column":56}},"85":{"start":{"line":163,"column":27},"end":{"line":163,"column":30}},"86":{"start":{"line":164,"column":23},"end":{"line":164,"column":45}},"87":{"start":{"line":165,"column":24},"end":{"line":165,"column":62}},"88":{"start":{"line":167,"column":4},"end":{"line":173,"column":6}},"89":{"start":{"line":169,"column":0},"end":{"line":169,"column":59}},"90":{"start":{"line":172,"column":8},"end":{"line":172,"column":23}},"91":{"start":{"line":178,"column":0},"end":{"line":187,"column":3}},"92":{"start":{"line":180,"column":14},"end":{"line":180,"column":30}},"93":{"start":{"line":182,"column":0},"end":{"line":185,"column":53}},"94":{"start":{"line":184,"column":4},"end":{"line":184,"column":40}},"95":{"start":{"line":185,"column":17},"end":{"line":185,"column":50}},"96":{"start":{"line":189,"column":0},"end":{"line":196,"column":2}},"97":{"start":{"line":190,"column":18},"end":{"line":190,"column":34}},"98":{"start":{"line":191,"column":4},"end":{"line":194,"column":57}},"99":{"start":{"line":193,"column":4},"end":{"line":193,"column":40}},"100":{"start":{"line":194,"column":21},"end":{"line":194,"column":54}},"101":{"start":{"line":198,"column":0},"end":{"line":206,"column":6}},"102":{"start":{"line":199,"column":18},"end":{"line":199,"column":34}},"103":{"start":{"line":200,"column":4},"end":{"line":205,"column":44}},"104":{"start":{"line":202,"column":8},"end":{"line":202,"column":49}},"105":{"start":{"line":205,"column":8},"end":{"line":205,"column":41}},"106":{"start":{"line":208,"column":0},"end":{"line":208,"column":29}}},"fnMap":{"0":{"name":"(anonymous_0)","decl":{"start":{"line":7,"column":22},"end":{"line":7,"column":23}},"loc":{"start":{"line":7,"column":36},"end":{"line":20,"column":1}},"line":7},"1":{"name":"(anonymous_1)","decl":{"start":{"line":9,"column":10},"end":{"line":9,"column":11}},"loc":{"start":{"line":9,"column":24},"end":{"line":16,"column":5}},"line":9},"2":{"name":"(anonymous_2)","decl":{"start":{"line":11,"column":46},"end":{"line":11,"column":47}},"loc":{"start":{"line":11,"column":59},"end":{"line":13,"column":5}},"line":11},"3":{"name":"(anonymous_3)","decl":{"start":{"line":16,"column":13},"end":{"line":16,"column":14}},"loc":{"start":{"line":16,"column":22},"end":{"line":19,"column":5}},"line":16},"4":{"name":"(anonymous_4)","decl":{"start":{"line":22,"column":36},"end":{"line":22,"column":37}},"loc":{"start":{"line":22,"column":50},"end":{"line":45,"column":1}},"line":22},"5":{"name":"(anonymous_5)","decl":{"start":{"line":26,"column":10},"end":{"line":26,"column":11}},"loc":{"start":{"line":26,"column":22},"end":{"line":42,"column":5}},"line":26},"6":{"name":"(anonymous_6)","decl":{"start":{"line":31,"column":14},"end":{"line":31,"column":15}},"loc":{"start":{"line":31,"column":32},"end":{"line":39,"column":9}},"line":31},"7":{"name":"(anonymous_7)","decl":{"start":{"line":39,"column":17},"end":{"line":39,"column":18}},"loc":{"start":{"line":39,"column":24},"end":{"line":41,"column":9}},"line":39},"8":{"name":"(anonymous_8)","decl":{"start":{"line":43,"column":11},"end":{"line":43,"column":12}},"loc":{"start":{"line":43,"column":18},"end":{"line":44,"column":42}},"line":43},"9":{"name":"(anonymous_9)","decl":{"start":{"line":47,"column":33},"end":{"line":47,"column":34}},"loc":{"start":{"line":47,"column":47},"end":{"line":60,"column":1}},"line":47},"10":{"name":"(anonymous_10)","decl":{"start":{"line":50,"column":10},"end":{"line":50,"column":11}},"loc":{"start":{"line":50,"column":23},"end":{"line":57,"column":5}},"line":50},"11":{"name":"(anonymous_11)","decl":{"start":{"line":57,"column":13},"end":{"line":57,"column":14}},"loc":{"start":{"line":57,"column":20},"end":{"line":59,"column":5}},"line":57},"12":{"name":"(anonymous_12)","decl":{"start":{"line":62,"column":37},"end":{"line":62,"column":38}},"loc":{"start":{"line":62,"column":51},"end":{"line":72,"column":1}},"line":62},"13":{"name":"(anonymous_13)","decl":{"start":{"line":64,"column":10},"end":{"line":64,"column":11}},"loc":{"start":{"line":64,"column":24},"end":{"line":69,"column":5}},"line":64},"14":{"name":"(anonymous_14)","decl":{"start":{"line":65,"column":50},"end":{"line":65,"column":51}},"loc":{"start":{"line":65,"column":63},"end":{"line":67,"column":9}},"line":65},"15":{"name":"(anonymous_15)","decl":{"start":{"line":69,"column":13},"end":{"line":69,"column":14}},"loc":{"start":{"line":69,"column":20},"end":{"line":71,"column":5}},"line":69},"16":{"name":"(anonymous_16)","decl":{"start":{"line":74,"column":39},"end":{"line":74,"column":40}},"loc":{"start":{"line":74,"column":53},"end":{"line":84,"column":1}},"line":74},"17":{"name":"(anonymous_17)","decl":{"start":{"line":76,"column":10},"end":{"line":76,"column":11}},"loc":{"start":{"line":76,"column":24},"end":{"line":81,"column":5}},"line":76},"18":{"name":"(anonymous_18)","decl":{"start":{"line":77,"column":50},"end":{"line":77,"column":51}},"loc":{"start":{"line":77,"column":63},"end":{"line":79,"column":9}},"line":77},"19":{"name":"(anonymous_19)","decl":{"start":{"line":81,"column":13},"end":{"line":81,"column":14}},"loc":{"start":{"line":81,"column":20},"end":{"line":83,"column":5}},"line":81},"20":{"name":"(anonymous_20)","decl":{"start":{"line":86,"column":36},"end":{"line":86,"column":37}},"loc":{"start":{"line":86,"column":50},"end":{"line":96,"column":1}},"line":86},"21":{"name":"(anonymous_21)","decl":{"start":{"line":88,"column":10},"end":{"line":88,"column":11}},"loc":{"start":{"line":88,"column":24},"end":{"line":93,"column":5}},"line":88},"22":{"name":"(anonymous_22)","decl":{"start":{"line":89,"column":50},"end":{"line":89,"column":51}},"loc":{"start":{"line":89,"column":63},"end":{"line":91,"column":9}},"line":89},"23":{"name":"(anonymous_23)","decl":{"start":{"line":93,"column":13},"end":{"line":93,"column":14}},"loc":{"start":{"line":93,"column":20},"end":{"line":95,"column":5}},"line":93},"24":{"name":"(anonymous_24)","decl":{"start":{"line":98,"column":38},"end":{"line":98,"column":39}},"loc":{"start":{"line":98,"column":52},"end":{"line":111,"column":1}},"line":98},"25":{"name":"(anonymous_25)","decl":{"start":{"line":101,"column":10},"end":{"line":101,"column":11}},"loc":{"start":{"line":101,"column":24},"end":{"line":107,"column":1}},"line":101},"26":{"name":"(anonymous_26)","decl":{"start":{"line":103,"column":37},"end":{"line":103,"column":38}},"loc":{"start":{"line":103,"column":50},"end":{"line":105,"column":1}},"line":103},"27":{"name":"(anonymous_27)","decl":{"start":{"line":107,"column":9},"end":{"line":107,"column":10}},"loc":{"start":{"line":107,"column":18},"end":{"line":110,"column":5}},"line":107},"28":{"name":"(anonymous_28)","decl":{"start":{"line":113,"column":44},"end":{"line":113,"column":45}},"loc":{"start":{"line":113,"column":58},"end":{"line":130,"column":5}},"line":113},"29":{"name":"(anonymous_29)","decl":{"start":{"line":117,"column":14},"end":{"line":117,"column":15}},"loc":{"start":{"line":117,"column":28},"end":{"line":126,"column":9}},"line":117},"30":{"name":"(anonymous_30)","decl":{"start":{"line":119,"column":41},"end":{"line":119,"column":42}},"loc":{"start":{"line":119,"column":54},"end":{"line":121,"column":5}},"line":119},"31":{"name":"(anonymous_31)","decl":{"start":{"line":122,"column":50},"end":{"line":122,"column":51}},"loc":{"start":{"line":122,"column":64},"end":{"line":124,"column":5}},"line":122},"32":{"name":"(anonymous_32)","decl":{"start":{"line":126,"column":17},"end":{"line":126,"column":18}},"loc":{"start":{"line":126,"column":26},"end":{"line":129,"column":9}},"line":126},"33":{"name":"(anonymous_33)","decl":{"start":{"line":132,"column":48},"end":{"line":132,"column":49}},"loc":{"start":{"line":132,"column":62},"end":{"line":149,"column":1}},"line":132},"34":{"name":"(anonymous_34)","decl":{"start":{"line":136,"column":18},"end":{"line":136,"column":19}},"loc":{"start":{"line":136,"column":32},"end":{"line":145,"column":5}},"line":136},"35":{"name":"(anonymous_35)","decl":{"start":{"line":138,"column":45},"end":{"line":138,"column":46}},"loc":{"start":{"line":138,"column":58},"end":{"line":140,"column":9}},"line":138},"36":{"name":"(anonymous_36)","decl":{"start":{"line":141,"column":58},"end":{"line":141,"column":59}},"loc":{"start":{"line":141,"column":71},"end":{"line":143,"column":9}},"line":141},"37":{"name":"(anonymous_37)","decl":{"start":{"line":145,"column":13},"end":{"line":145,"column":14}},"loc":{"start":{"line":145,"column":22},"end":{"line":148,"column":9}},"line":145},"38":{"name":"(anonymous_38)","decl":{"start":{"line":154,"column":36},"end":{"line":154,"column":37}},"loc":{"start":{"line":154,"column":50},"end":{"line":175,"column":1}},"line":154},"39":{"name":"(anonymous_39)","decl":{"start":{"line":158,"column":10},"end":{"line":158,"column":11}},"loc":{"start":{"line":158,"column":20},"end":{"line":174,"column":5}},"line":158},"40":{"name":"(anonymous_40)","decl":{"start":{"line":168,"column":10},"end":{"line":168,"column":11}},"loc":{"start":{"line":168,"column":16},"end":{"line":171,"column":5}},"line":168},"41":{"name":"(anonymous_41)","decl":{"start":{"line":171,"column":13},"end":{"line":171,"column":14}},"loc":{"start":{"line":171,"column":20},"end":{"line":173,"column":5}},"line":171},"42":{"name":"(anonymous_42)","decl":{"start":{"line":178,"column":40},"end":{"line":178,"column":41}},"loc":{"start":{"line":178,"column":54},"end":{"line":187,"column":1}},"line":178},"43":{"name":"(anonymous_43)","decl":{"start":{"line":183,"column":6},"end":{"line":183,"column":7}},"loc":{"start":{"line":183,"column":19},"end":{"line":185,"column":1}},"line":183},"44":{"name":"(anonymous_44)","decl":{"start":{"line":185,"column":9},"end":{"line":185,"column":10}},"loc":{"start":{"line":185,"column":16},"end":{"line":185,"column":51}},"line":185},"45":{"name":"(anonymous_45)","decl":{"start":{"line":189,"column":41},"end":{"line":189,"column":42}},"loc":{"start":{"line":189,"column":55},"end":{"line":196,"column":1}},"line":189},"46":{"name":"(anonymous_46)","decl":{"start":{"line":192,"column":10},"end":{"line":192,"column":11}},"loc":{"start":{"line":192,"column":23},"end":{"line":194,"column":5}},"line":192},"47":{"name":"(anonymous_47)","decl":{"start":{"line":194,"column":13},"end":{"line":194,"column":14}},"loc":{"start":{"line":194,"column":20},"end":{"line":194,"column":55}},"line":194},"48":{"name":"(anonymous_48)","decl":{"start":{"line":198,"column":45},"end":{"line":198,"column":46}},"loc":{"start":{"line":198,"column":59},"end":{"line":206,"column":5}},"line":198},"49":{"name":"(anonymous_49)","decl":{"start":{"line":201,"column":10},"end":{"line":201,"column":11}},"loc":{"start":{"line":201,"column":15},"end":{"line":203,"column":5}},"line":201},"50":{"name":"(anonymous_50)","decl":{"start":{"line":204,"column":11},"end":{"line":204,"column":12}},"loc":{"start":{"line":204,"column":18},"end":{"line":205,"column":42}},"line":204}},"branchMap":{"0":{"loc":{"start":{"line":33,"column":12},"end":{"line":38,"column":13}},"type":"if","locations":[{"start":{"line":33,"column":12},"end":{"line":38,"column":13}},{"start":{"line":36,"column":17},"end":{"line":38,"column":13}}],"line":33},"1":{"loc":{"start":{"line":51,"column":8},"end":{"line":56,"column":9}},"type":"if","locations":[{"start":{"line":51,"column":8},"end":{"line":56,"column":9}},{"start":{"line":54,"column":13},"end":{"line":56,"column":9}}],"line":51}},"s":{"0":2,"1":2,"2":2,"3":2,"4":2,"5":2,"6":1,"7":1,"8":9,"9":1,"10":0,"11":0,"12":2,"13":1,"14":1,"15":1,"16":1,"17":1,"18":1,"19":1,"20":1,"21":0,"22":0,"23":0,"24":2,"25":1,"26":1,"27":1,"28":1,"29":0,"30":0,"31":2,"32":1,"33":1,"34":9,"35":1,"36":0,"37":2,"38":1,"39":1,"40":9,"41":1,"42":0,"43":2,"44":1,"45":1,"46":9,"47":1,"48":0,"49":2,"50":1,"51":1,"52":1,"53":9,"54":1,"55":0,"56":0,"57":2,"58":1,"59":1,"60":1,"61":1,"62":9,"63":1,"64":1,"65":1,"66":0,"67":0,"68":2,"69":1,"70":1,"71":1,"72":1,"73":9,"74":1,"75":1,"76":1,"77":0,"78":0,"79":2,"80":1,"81":1,"82":1,"83":1,"84":1,"85":1,"86":1,"87":1,"88":1,"89":1,"90":0,"91":2,"92":1,"93":1,"94":1,"95":0,"96":2,"97":0,"98":0,"99":0,"100":0,"101":2,"102":1,"103":1,"104":1,"105":0,"106":2},"f":{"0":1,"1":1,"2":9,"3":0,"4":1,"5":1,"6":1,"7":0,"8":0,"9":1,"10":1,"11":0,"12":1,"13":1,"14":9,"15":0,"16":1,"17":1,"18":9,"19":0,"20":1,"21":1,"22":9,"23":0,"24":1,"25":1,"26":9,"27":0,"28":1,"29":1,"30":9,"31":1,"32":0,"33":1,"34":1,"35":9,"36":1,"37":0,"38":1,"39":1,"40":1,"41":0,"42":1,"43":1,"44":0,"45":0,"46":0,"47":0,"48":1,"49":1,"50":0},"b":{"0":[1,0],"1":[1,0]},"_coverageSchema":"1a1c01bbd47fc00a2c39e90264f33305004495a9","hash":"db3a112d9e0fd6fa56c0715113322ba6640448f1"}
,"C:\\Users\\ibeanun\\Documents\\nodejs\\blogging-_api\\routes\\auth.js": {"path":"C:\\Users\\ibeanun\\Documents\\nodejs\\blogging-_api\\routes\\auth.js","statementMap":{"0":{"start":{"line":1,"column":16},"end":{"line":1,"column":34}},"1":{"start":{"line":2,"column":17},"end":{"line":2,"column":36}},"2":{"start":{"line":3,"column":12},"end":{"line":3,"column":35}},"3":{"start":{"line":4,"column":0},"end":{"line":4,"column":27}},"4":{"start":{"line":5,"column":19},"end":{"line":5,"column":35}},"5":{"start":{"line":7,"column":18},"end":{"line":7,"column":44}},"6":{"start":{"line":10,"column":0},"end":{"line":23,"column":2}},"7":{"start":{"line":13,"column":8},"end":{"line":13,"column":29}},"8":{"start":{"line":18,"column":21},"end":{"line":18,"column":65}},"9":{"start":{"line":19,"column":20},"end":{"line":19,"column":90}},"10":{"start":{"line":20,"column":8},"end":{"line":20,"column":40}},"11":{"start":{"line":25,"column":0},"end":{"line":60,"column":2}},"12":{"start":{"line":28,"column":8},"end":{"line":58,"column":26}},"13":{"start":{"line":29,"column":12},"end":{"line":56,"column":13}},"14":{"start":{"line":31,"column":16},"end":{"line":44,"column":18}},"15":{"start":{"line":33,"column":24},"end":{"line":33,"column":54}},"16":{"start":{"line":33,"column":35},"end":{"line":33,"column":54}},"17":{"start":{"line":35,"column":37},"end":{"line":35,"column":73}},"18":{"start":{"line":39,"column":36},"end":{"line":39,"column":106}},"19":{"start":{"line":40,"column":24},"end":{"line":40,"column":51}},"20":{"start":{"line":45,"column":16},"end":{"line":47,"column":17}},"21":{"start":{"line":46,"column":20},"end":{"line":46,"column":37}},"22":{"start":{"line":48,"column":16},"end":{"line":51,"column":17}},"23":{"start":{"line":49,"column":34},"end":{"line":49,"column":80}},"24":{"start":{"line":50,"column":20},"end":{"line":50,"column":39}},"25":{"start":{"line":55,"column":16},"end":{"line":55,"column":35}},"26":{"start":{"line":62,"column":0},"end":{"line":62,"column":28}}},"fnMap":{"0":{"name":"(anonymous_0)","decl":{"start":{"line":12,"column":57},"end":{"line":12,"column":58}},"loc":{"start":{"line":12,"column":83},"end":{"line":22,"column":5}},"line":12},"1":{"name":"(anonymous_1)","decl":{"start":{"line":27,"column":4},"end":{"line":27,"column":5}},"loc":{"start":{"line":27,"column":30},"end":{"line":59,"column":5}},"line":27},"2":{"name":"(anonymous_2)","decl":{"start":{"line":28,"column":39},"end":{"line":28,"column":40}},"loc":{"start":{"line":28,"column":66},"end":{"line":57,"column":9}},"line":28},"3":{"name":"(anonymous_3)","decl":{"start":{"line":32,"column":20},"end":{"line":32,"column":21}},"loc":{"start":{"line":32,"column":37},"end":{"line":43,"column":21}},"line":32}},"branchMap":{"0":{"loc":{"start":{"line":33,"column":24},"end":{"line":33,"column":54}},"type":"if","locations":[{"start":{"line":33,"column":24},"end":{"line":33,"column":54}},{"start":{},"end":{}}],"line":33},"1":{"loc":{"start":{"line":45,"column":16},"end":{"line":47,"column":17}},"type":"if","locations":[{"start":{"line":45,"column":16},"end":{"line":47,"column":17}},{"start":{},"end":{}}],"line":45},"2":{"loc":{"start":{"line":48,"column":16},"end":{"line":51,"column":17}},"type":"if","locations":[{"start":{"line":48,"column":16},"end":{"line":51,"column":17}},{"start":{},"end":{}}],"line":48}},"s":{"0":2,"1":2,"2":2,"3":2,"4":2,"5":2,"6":2,"7":1,"8":1,"9":1,"10":1,"11":2,"12":7,"13":7,"14":7,"15":7,"16":0,"17":7,"18":7,"19":7,"20":7,"21":0,"22":7,"23":0,"24":0,"25":0,"26":2},"f":{"0":1,"1":7,"2":7,"3":7},"b":{"0":[0,7],"1":[0,7],"2":[0,7]},"_coverageSchema":"1a1c01bbd47fc00a2c39e90264f33305004495a9","hash":"7d29c2cb50f97daf186a164ec2dccdb761721259"}
}
