TN:
SF:app.js
FNF:0
FNH:0
DA:1,2
DA:2,2
DA:3,2
DA:4,2
DA:5,2
DA:6,2
DA:7,2
DA:9,2
DA:10,2
DA:13,2
DA:16,2
DA:18,2
DA:19,2
DA:21,2
DA:22,2
DA:23,2
DA:24,2
DA:25,2
DA:26,2
DA:27,2
DA:28,2
DA:29,2
DA:30,2
DA:31,2
DA:38,2
LF:25
LH:25
BRDA:10,0,0,2
BRDA:10,0,1,0
BRF:2
BRH:1
end_of_record
TN:
SF:db.js
FN:5,connectToDb
FN:7,(anonymous_1)
FN:10,(anonymous_2)
FNF:3
FNH:2
FNDA:4,connectToDb
FNDA:4,(anonymous_1)
FNDA:0,(anonymous_2)
DA:1,2
DA:2,2
DA:6,4
DA:7,4
DA:8,4
DA:10,4
DA:14,2
LF:7
LH:7
BRF:0
BRH:0
end_of_record
TN:
SF:authentication\auth.js
FN:15,(anonymous_0)
FN:36,(anonymous_1)
FN:58,(anonymous_2)
FNF:3
FNH:2
FNDA:0,(anonymous_0)
FNDA:1,(anonymous_1)
FNDA:7,(anonymous_2)
DA:1,2
DA:2,2
DA:3,2
DA:5,2
DA:6,2
DA:8,2
DA:16,0
DA:17,0
DA:19,0
DA:28,2
DA:37,1
DA:38,1
DA:39,1
DA:40,1
DA:41,1
DA:43,0
DA:51,2
DA:59,7
DA:60,7
DA:62,7
DA:63,0
DA:66,7
DA:68,7
DA:69,0
DA:71,7
DA:73,0
LF:26
LH:19
BRDA:62,0,0,0
BRDA:62,0,1,7
BRDA:68,1,0,0
BRDA:68,1,1,7
BRF:4
BRH:2
end_of_record
TN:
SF:models\articles.js
FNF:0
FNH:0
DA:1,2
DA:4,2
DA:6,2
DA:45,2
DA:48,2
LF:5
LH:5
BRF:0
BRH:0
end_of_record
TN:
SF:models\users.js
FN:37,(anonymous_0)
FN:46,(anonymous_1)
FNF:2
FNH:2
FNDA:1,(anonymous_0)
FNDA:7,(anonymous_1)
DA:1,2
DA:2,2
DA:4,2
DA:6,2
DA:35,2
DA:38,1
DA:40,1
DA:42,1
DA:43,1
DA:46,2
DA:47,7
DA:48,7
DA:50,7
DA:53,2
DA:55,2
LF:15
LH:15
BRF:0
BRH:0
end_of_record
TN:
SF:routes\articles.js
FN:7,(anonymous_0)
FN:9,(anonymous_1)
FN:11,(anonymous_2)
FN:16,(anonymous_3)
FN:22,(anonymous_4)
FN:26,(anonymous_5)
FN:31,(anonymous_6)
FN:39,(anonymous_7)
FN:43,(anonymous_8)
FN:47,(anonymous_9)
FN:50,(anonymous_10)
FN:57,(anonymous_11)
FN:62,(anonymous_12)
FN:64,(anonymous_13)
FN:65,(anonymous_14)
FN:69,(anonymous_15)
FN:74,(anonymous_16)
FN:76,(anonymous_17)
FN:77,(anonymous_18)
FN:81,(anonymous_19)
FN:86,(anonymous_20)
FN:88,(anonymous_21)
FN:89,(anonymous_22)
FN:93,(anonymous_23)
FN:98,(anonymous_24)
FN:101,(anonymous_25)
FN:103,(anonymous_26)
FN:107,(anonymous_27)
FN:113,(anonymous_28)
FN:117,(anonymous_29)
FN:119,(anonymous_30)
FN:122,(anonymous_31)
FN:126,(anonymous_32)
FN:132,(anonymous_33)
FN:136,(anonymous_34)
FN:138,(anonymous_35)
FN:141,(anonymous_36)
FN:145,(anonymous_37)
FN:154,(anonymous_38)
FN:158,(anonymous_39)
FN:168,(anonymous_40)
FN:171,(anonymous_41)
FN:178,(anonymous_42)
FN:183,(anonymous_43)
FN:185,(anonymous_44)
FN:189,(anonymous_45)
FN:192,(anonymous_46)
FN:194,(anonymous_47)
FN:198,(anonymous_48)
FN:201,(anonymous_49)
FN:204,(anonymous_50)
FNF:51
FNH:35
FNDA:1,(anonymous_0)
FNDA:1,(anonymous_1)
FNDA:9,(anonymous_2)
FNDA:0,(anonymous_3)
FNDA:1,(anonymous_4)
FNDA:1,(anonymous_5)
FNDA:1,(anonymous_6)
FNDA:0,(anonymous_7)
FNDA:0,(anonymous_8)
FNDA:1,(anonymous_9)
FNDA:1,(anonymous_10)
FNDA:0,(anonymous_11)
FNDA:1,(anonymous_12)
FNDA:1,(anonymous_13)
FNDA:9,(anonymous_14)
FNDA:0,(anonymous_15)
FNDA:1,(anonymous_16)
FNDA:1,(anonymous_17)
FNDA:9,(anonymous_18)
FNDA:0,(anonymous_19)
FNDA:1,(anonymous_20)
FNDA:1,(anonymous_21)
FNDA:9,(anonymous_22)
FNDA:0,(anonymous_23)
FNDA:1,(anonymous_24)
FNDA:1,(anonymous_25)
FNDA:9,(anonymous_26)
FNDA:0,(anonymous_27)
FNDA:1,(anonymous_28)
FNDA:1,(anonymous_29)
FNDA:9,(anonymous_30)
FNDA:1,(anonymous_31)
FNDA:0,(anonymous_32)
FNDA:1,(anonymous_33)
FNDA:1,(anonymous_34)
FNDA:9,(anonymous_35)
FNDA:1,(anonymous_36)
FNDA:0,(anonymous_37)
FNDA:1,(anonymous_38)
FNDA:1,(anonymous_39)
FNDA:1,(anonymous_40)
FNDA:0,(anonymous_41)
FNDA:1,(anonymous_42)
FNDA:1,(anonymous_43)
FNDA:0,(anonymous_44)
FNDA:0,(anonymous_45)
FNDA:0,(anonymous_46)
FNDA:0,(anonymous_47)
FNDA:1,(anonymous_48)
FNDA:1,(anonymous_49)
FNDA:0,(anonymous_50)
DA:1,2
DA:2,2
DA:3,2
DA:4,2
DA:5,2
DA:7,2
DA:8,1
DA:11,1
DA:12,9
DA:15,1
DA:17,0
DA:18,0
DA:22,2
DA:23,1
DA:25,1
DA:27,1
DA:28,1
DA:29,1
DA:30,1
DA:33,1
DA:34,1
DA:37,0
DA:40,0
DA:44,0
DA:47,2
DA:48,1
DA:49,1
DA:51,1
DA:52,1
DA:55,0
DA:58,0
DA:62,2
DA:63,1
DA:65,1
DA:66,9
DA:68,1
DA:70,0
DA:74,2
DA:75,1
DA:77,1
DA:78,9
DA:80,1
DA:82,0
DA:86,2
DA:87,1
DA:89,1
DA:90,9
DA:92,1
DA:94,0
DA:98,2
DA:99,1
DA:100,1
DA:103,1
DA:104,9
DA:106,1
DA:108,0
DA:109,0
DA:113,2
DA:114,1
DA:115,1
DA:116,1
DA:119,1
DA:120,9
DA:122,1
DA:123,1
DA:125,1
DA:127,0
DA:128,0
DA:132,2
DA:133,1
DA:134,1
DA:135,1
DA:138,1
DA:139,9
DA:141,1
DA:142,1
DA:144,1
DA:146,0
DA:147,0
DA:154,2
DA:155,1
DA:156,1
DA:157,1
DA:159,1
DA:160,1
DA:163,1
DA:164,1
DA:165,1
DA:167,1
DA:169,1
DA:172,0
DA:178,2
DA:180,1
DA:182,1
DA:184,1
DA:185,0
DA:189,2
DA:190,0
DA:191,0
DA:193,0
DA:194,0
DA:198,2
DA:199,1
DA:200,1
DA:202,1
DA:205,0
DA:208,2
LF:107
LH:84
BRDA:33,0,0,1
BRDA:33,0,1,0
BRDA:51,1,0,1
BRDA:51,1,1,0
BRF:4
BRH:2
end_of_record
TN:
SF:routes\auth.js
FN:12,(anonymous_0)
FN:27,(anonymous_1)
FN:28,(anonymous_2)
FN:32,(anonymous_3)
FNF:4
FNH:4
FNDA:1,(anonymous_0)
FNDA:7,(anonymous_1)
FNDA:7,(anonymous_2)
FNDA:7,(anonymous_3)
DA:1,2
DA:2,2
DA:3,2
DA:4,2
DA:5,2
DA:7,2
DA:10,2
DA:13,1
DA:18,1
DA:19,1
DA:20,1
DA:25,2
DA:28,7
DA:29,7
DA:31,7
DA:33,7
DA:35,7
DA:39,7
DA:40,7
DA:45,7
DA:46,0
DA:48,7
DA:49,0
DA:50,0
DA:55,0
DA:62,2
LF:26
LH:22
BRDA:33,0,0,0
BRDA:33,0,1,7
BRDA:45,1,0,0
BRDA:45,1,1,7
BRDA:48,2,0,0
BRDA:48,2,1,7
BRF:6
BRH:3
end_of_record
